<?xml version="1.0" encoding="UTF-8"?>
<!-- Generated by org.testng.reporters.JUnitReportReporter -->
<testsuite hostname="Jas" failures="0" tests="1" name="TestCases.ContactTestCase" time="11.661" errors="0" timestamp="2024-01-22T16:40:40 IST" skipped="0">
  <testcase classname="TestCases.ContactTestCase" name="login" time="11.661"/>
  <system-out/>
</testsuite> <!-- TestCases.ContactTestCase -->
