<?xml version="1.0" encoding="UTF-8"?>
<!-- Generated by org.testng.reporters.JUnitReportReporter -->
<testsuite hostname="Jas" failures="0" tests="1" name="TestCases.LoginTestCase" time="10.482" errors="0" timestamp="2024-01-31T19:30:20 IST" skipped="0">
  <testcase classname="TestCases.LoginTestCase" name="login" time="10.482"/>
  <system-out/>
</testsuite> <!-- TestCases.LoginTestCase -->
